<?xml version="1.0" encoding="UTF-8"?>
<!-- Generated by org.testng.reporters.JUnitXMLReporter -->
<testsuite ignored="0" hostname="Ayushdhardwivedi" failures="0" tests="3" name="Default test" time="2.828" errors="0" timestamp="2025-04-30T10:31:00 IST">
  <testcase classname="PNR.PNRTest" name="testGetPNRDetails" time="2.17"/>
  <testcase classname="PNR.PNRTest" name="testGetPNRDetails_RAC" time="0.096"/>
  <testcase classname="PNR.PNRTest" name="testGetPNRDetails_Waiting" time="0.126"/>
</testsuite> <!-- Default test -->
